\BOOKMARK [1][-]{section*.1}{\376\377\016\032\016\027\016\004\016\061\016\024\016\042\016\110\016\055}{}% 1
\BOOKMARK [1][-]{section*.2}{\376\377\000A\000b\000s\000t\000r\000a\000c\000t}{}% 2
\BOOKMARK [1][-]{chapter*.3}{\376\377\016\001\016\064\016\025\016\025\016\064\016\001\016\043\016\043\016\041\016\033\016\043\016\060\016\001\016\062\016\050}{}% 3
\BOOKMARK [1][-]{section*.4}{\376\377\016\052\016\062\016\043\016\032\016\061\016\015}{}% 4
\BOOKMARK [1][-]{section*.6}{\376\377\016\052\016\062\016\043\016\032\016\061\016\015\016\043\016\071\016\033}{}% 5
\BOOKMARK [1][-]{section*.8}{\376\377\016\052\016\062\016\043\016\032\016\061\016\015\016\025\016\062\016\043\016\062\016\007}{}% 6
\BOOKMARK [0][-]{chapter.1}{\376\377\016\032\016\027\016\031\016\063}{}% 7
\BOOKMARK [1][-]{section.1.1}{\376\377\016\027\016\065\016\110\016\041\016\062\016\002\016\055\016\007\016\102\016\004\016\043\016\007\016\007\016\062\016\031}{chapter.1}% 8
\BOOKMARK [1][-]{section.1.2}{\376\377\016\047\016\061\016\025\016\026\016\070\016\033\016\043\016\060\016\052\016\007\016\004\016\114\016\002\016\055\016\007\016\102\016\004\016\043\016\007\016\007\016\062\016\031}{chapter.1}% 9
\BOOKMARK [1][-]{section.1.3}{\376\377\016\002\016\055\016\032\016\100\016\002\016\025\016\002\016\055\016\007\016\102\016\004\016\043\016\007\016\007\016\062\016\031}{chapter.1}% 10
\BOOKMARK [2][-]{subsection.1.3.1}{\376\377\016\002\016\055\016\032\016\100\016\002\016\025\016\024\016\111\016\062\016\031\016\056\016\062\016\043\016\114\016\024\016\101\016\047\016\043\016\114}{section.1.3}% 11
\BOOKMARK [2][-]{subsection.1.3.2}{\376\377\016\002\016\055\016\032\016\100\016\002\016\025\016\024\016\111\016\062\016\031\016\013\016\055\016\037\016\025\016\114\016\101\016\047\016\043\016\114}{section.1.3}% 12
\BOOKMARK [1][-]{section.1.4}{\376\377\016\033\016\043\016\060\016\102\016\042\016\012\016\031\016\114\016\027\016\065\016\110\016\104\016\024\016\111\016\043\016\061\016\032}{chapter.1}% 13
\BOOKMARK [1][-]{section.1.5}{\376\377\016\100\016\027\016\004\016\102\016\031\016\102\016\045\016\042\016\065\016\101\016\045\016\060\016\100\016\004\016\043\016\067\016\110\016\055\016\007\016\041\016\067\016\055\016\027\016\065\016\110\016\103\016\012\016\111}{chapter.1}% 14
\BOOKMARK [2][-]{subsection.1.5.1}{\376\377\016\100\016\027\016\004\016\102\016\031\016\102\016\045\016\042\016\065\016\024\016\111\016\062\016\031\016\056\016\062\016\043\016\114\016\024\016\101\016\047\016\043\016\114}{section.1.5}% 15
\BOOKMARK [2][-]{subsection.1.5.2}{\376\377\016\100\016\027\016\004\016\102\016\031\016\102\016\045\016\042\016\065\016\024\016\111\016\062\016\031\016\013\016\055\016\037\016\025\016\114\016\101\016\047\016\043\016\114}{section.1.5}% 16
\BOOKMARK [1][-]{section.1.6}{\376\377\016\101\016\034\016\031\016\001\016\062\016\043\016\024\016\063\016\100\016\031\016\064\016\031\016\007\016\062\016\031}{chapter.1}% 17
\BOOKMARK [1][-]{section.1.7}{\376\377\016\032\016\027\016\032\016\062\016\027\016\101\016\045\016\060\016\004\016\047\016\062\016\041\016\043\016\061\016\032\016\034\016\064\016\024\016\012\016\055\016\032}{chapter.1}% 18
\BOOKMARK [1][-]{section.1.8}{\376\377\016\034\016\045\016\001\016\043\016\060\016\027\016\032\016\024\016\111\016\062\016\031\016\052\016\061\016\007\016\004\016\041\000\040\016\052\016\070\016\002\016\040\016\062\016\036\000\040\016\004\016\047\016\062\016\041\016\033\016\045\016\055\016\024\016\040\016\061\016\042\000\040\016\001\016\016\016\053\016\041\016\062\016\042\000\040\016\101\016\045\016\060\016\047\016\061\016\022\016\031\016\030\016\043\016\043\016\041\000\040}{chapter.1}% 19
\BOOKMARK [0][-]{chapter.2}{\376\377\016\027\016\044\016\051\016\016\016\065\016\027\016\065\016\110\016\100\016\001\016\065\016\110\016\042\016\047\016\002\016\111\016\055\016\007}{}% 20
\BOOKMARK [1][-]{section.2.1}{\376\377\000T\000h\000e\000\040\000f\000i\000r\000s\000t\000\040\000s\000e\000c\000t\000i\000o\000n}{chapter.2}% 21
\BOOKMARK [1][-]{section.2.2}{\376\377\000S\000e\000c\000o\000n\000d\000\040\000s\000e\000c\000t\000i\000o\000n}{chapter.2}% 22
\BOOKMARK [2][-]{subsection.2.2.1}{\376\377\000S\000u\000b\000s\000e\000c\000t\000i\000o\000n\000\040\000h\000e\000a\000d\000i\000n\000g\000\040\000g\000o\000e\000s\000\040\000h\000e\000r\000e}{section.2.2}% 23
\BOOKMARK [1][-]{section.2.3}{\376\377\000T\000h\000i\000r\000d\000\040\000s\000e\000c\000t\000i\000o\000n}{chapter.2}% 24
\BOOKMARK [1][-]{section.2.4}{\376\377\000A\000b\000o\000u\000t\000\040\000u\000s\000i\000n\000g\000\040\000f\000i\000g\000u\000r\000e\000s\000\040\000i\000n\000\040\000y\000o\000u\000r\000\040\000r\000e\000p\000o\000r\000t}{chapter.2}% 25
\BOOKMARK [1][-]{section.2.5}{\376\377\000O\000v\000e\000r\000f\000u\000l\000l\000\040\000h\000b\000o\000x}{chapter.2}% 26
\BOOKMARK [1][-]{section.2.6}{\376\377\016\004\016\047\016\062\016\041\016\043\016\071\016\111\016\025\016\062\016\041\016\053\016\045\016\061\016\001\016\052\016\071\016\025\016\043\016\013\016\066\016\110\016\007\016\026\016\071\016\001\016\031\016\063\016\041\016\062\016\103\016\012\016\111\016\053\016\043\016\067\016\055\016\032\016\071\016\043\016\023\016\062\016\001\016\062\016\043\016\103\016\031\016\102\016\004\016\043\016\007\016\007\016\062\016\031\000\040}{chapter.2}% 27
\BOOKMARK [1][-]{section.2.7}{\376\377\016\004\016\047\016\062\016\041\016\043\016\071\016\111\016\031\016\055\016\001\016\053\016\045\016\061\016\001\016\052\016\071\016\025\016\043\016\013\016\066\016\110\016\007\016\026\016\071\016\001\016\031\016\063\016\041\016\062\016\103\016\012\016\111\016\053\016\043\016\067\016\055\016\032\016\071\016\043\016\023\016\062\016\001\016\062\016\043\016\103\016\031\016\102\016\004\016\043\016\007\016\007\016\062\016\031\000\040}{chapter.2}% 28
\BOOKMARK [0][-]{chapter.3}{\376\377\016\102\016\004\016\043\016\007\016\052\016\043\016\111\016\062\016\007\016\101\016\045\016\060\016\002\016\061\016\111\016\031\016\025\016\055\016\031\016\001\016\062\016\043\016\027\016\063\016\007\016\062\016\031}{}% 29
\BOOKMARK [1][-]{section.3.1}{\376\377\000A\000l\000i\000c\000e\000\040\000i\000n\000\040\000W\000o\000n\000d\000e\000r\000l\000a\000n\000d}{chapter.3}% 30
\BOOKMARK [2][-]{subsection.3.1.1}{\376\377\000T\000h\000e\000\040\000B\000l\000a\000c\000k\000\040\000K\000i\000t\000t\000e\000n}{section.3.1}% 31
\BOOKMARK [2][-]{subsection.3.1.2}{\376\377\000T\000h\000e\000\040\000R\000e\000p\000r\000o\000a\000c\000h}{section.3.1}% 32
\BOOKMARK [0][-]{chapter.4}{\376\377\016\001\016\062\016\043\016\027\016\024\016\045\016\055\016\007\016\101\016\045\016\060\016\034\016\045\016\045\016\061\016\036\016\030\016\114}{}% 33
\BOOKMARK [0][-]{chapter.5}{\376\377\016\032\016\027\016\052\016\043\016\070\016\033\016\101\016\045\016\060\016\002\016\111\016\055\016\100\016\052\016\031\016\055\016\101\016\031\016\060}{}% 34
\BOOKMARK [1][-]{section.5.1}{\376\377\016\052\016\043\016\070\016\033\016\034\016\045}{chapter.5}% 35
\BOOKMARK [1][-]{section.5.2}{\376\377\016\033\016\061\016\015\016\053\016\062\016\027\016\065\016\110\016\036\016\032\016\101\016\045\016\060\016\101\016\031\016\047\016\027\016\062\016\007\016\001\016\062\016\043\016\101\016\001\016\111\016\104\016\002}{chapter.5}% 36
\BOOKMARK [1][-]{section.5.3}{\376\377\016\002\016\111\016\055\016\100\016\052\016\031\016\055\016\101\016\031\016\060\016\101\016\045\016\060\016\101\016\031\016\047\016\027\016\062\016\007\016\001\016\062\016\043\016\036\016\061\016\022\016\031\016\062\016\025\016\110\016\055\000\040}{chapter.5}% 37
\BOOKMARK [0][-]{section*.12}{\376\377\016\032\016\043\016\043\016\023\016\062\016\031\016\070\016\001\016\043\016\041}{}% 38
\BOOKMARK [0][-]{appendix.A}{\376\377\000T\000h\000e\000\040\000f\000i\000r\000s\000t\000\040\000a\000p\000p\000e\000n\000d\000i\000x}{}% 39
\BOOKMARK [1][-]{section.A.1}{\376\377\000A\000p\000p\000e\000n\000d\000i\000x\000\040\000s\000e\000c\000t\000i\000o\000n}{appendix.A}% 40
\BOOKMARK [0][-]{appendix.B}{\376\377\016\004\016\071\016\110\016\041\016\067\016\055\016\001\016\062\016\043\016\103\016\012\016\111\016\007\016\062\016\031\016\043\016\060\016\032\016\032}{}% 41
\BOOKMARK [0][-]{appendix*.14}{\376\377\016\033\016\043\016\060\016\047\016\061\016\025\016\064\016\034\016\071\016\111\016\100\016\002\016\065\016\042\016\031}{}% 42
